[    0.000000] Linux version 4.15.0-76-generic (buildd@lcy01-amd64-029) (gcc version 7.4.0 (Ubuntu 7.4.0-1ubuntu1~18.04.1)) #86-Ubuntu SMP Fri Jan 17 17:24:28 UTC 2020 (Ubuntu 4.15.0-76.86-generic 4.15.18)
[    0.000000] Command line: BOOT_IMAGE=/boot/vmlinuz-4.15.0-76-generic root=LABEL=cloudimg-rootfs ro console=tty1 console=ttyS0
[    0.000000] KERNEL supported cpus:
[    0.000000]   Intel GenuineIntel
[    0.000000]   AMD AuthenticAMD
[    0.000000]   Centaur CentaurHauls
[    0.000000] x86/fpu: Supporting XSAVE feature 0x001: 'x87 floating point registers'
[    0.000000] x86/fpu: Supporting XSAVE feature 0x002: 'SSE registers'
[    0.000000] x86/fpu: Supporting XSAVE feature 0x004: 'AVX registers'
[    0.000000] x86/fpu: xstate_offset[2]:  576, xstate_sizes[2]:  256
[    0.000000] x86/fpu: Enabled xstate features 0x7, context size is 832 bytes, using 'standard' format.
[    0.000000] e820: BIOS-provided physical RAM map:
[    0.000000] BIOS-e820: [mem 0x0000000000000000-0x000000000009fbff] usable
[    0.000000] BIOS-e820: [mem 0x000000000009fc00-0x000000000009ffff] reserved
[    0.000000] BIOS-e820: [mem 0x00000000000f0000-0x00000000000fffff] reserved
[    0.000000] BIOS-e820: [mem 0x0000000000100000-0x000000003ffeffff] usable
[    0.000000] BIOS-e820: [mem 0x000000003fff0000-0x000000003fffffff] ACPI data
[    0.000000] BIOS-e820: [mem 0x00000000fec00000-0x00000000fec00fff] reserved
[    0.000000] BIOS-e820: [mem 0x00000000fee00000-0x00000000fee00fff] reserved
[    0.000000] BIOS-e820: [mem 0x00000000fffc0000-0x00000000ffffffff] reserved
[    0.000000] NX (Execute Disable) protection: active
[    0.000000] SMBIOS 2.5 present.
[    0.000000] DMI: innotek GmbH VirtualBox/VirtualBox, BIOS VirtualBox 12/01/2006
[    0.000000] Hypervisor detected: KVM
[    0.000000] e820: last_pfn = 0x3fff0 max_arch_pfn = 0x400000000
[    0.000000] MTRR: Disabled
[    0.000000] x86/PAT: MTRRs disabled, skipping PAT initialization too.
[    0.000000] CPU MTRRs all blank - virtualized system.
[    0.000000] x86/PAT: Configuration [0-7]: WB  WT  UC- UC  WB  WT  UC- UC  
[    0.000000] found SMP MP-table at [mem 0x0009fff0-0x0009ffff]
[    0.000000] Scanning 1 areas for low memory corruption
[    0.000000] RAMDISK: [mem 0x35a6f000-0x36d2efff]
[    0.000000] ACPI: Early table checksum verification disabled
[    0.000000] ACPI: RSDP 0x00000000000E0000 000024 (v02 VBOX  )
[    0.000000] ACPI: XSDT 0x000000003FFF0030 00003C (v01 VBOX   VBOXXSDT 00000001 ASL  00000061)
[    0.000000] ACPI: FACP 0x000000003FFF00F0 0000F4 (v04 VBOX   VBOXFACP 00000001 ASL  00000061)
[    0.000000] ACPI: DSDT 0x000000003FFF0470 0022EA (v02 VBOX   VBOXBIOS 00000002 INTL 20100528)
[    0.000000] ACPI: FACS 0x000000003FFF0200 000040
[    0.000000] ACPI: FACS 0x000000003FFF0200 000040
[    0.000000] ACPI: APIC 0x000000003FFF0240 00005C (v02 VBOX   VBOXAPIC 00000001 ASL  00000061)
[    0.000000] ACPI: SSDT 0x000000003FFF02A0 0001CC (v01 VBOX   VBOXCPUT 00000002 INTL 20100528)
[    0.000000] No NUMA configuration found
[    0.000000] Faking a node at [mem 0x0000000000000000-0x000000003ffeffff]
[    0.000000] NODE_DATA(0) allocated [mem 0x3ffc5000-0x3ffeffff]
[    0.000000] kvm-clock: cpu 0, msr 0:3ff44001, primary cpu clock
[    0.000000] kvm-clock: Using msrs 4b564d01 and 4b564d00
[    0.000000] kvm-clock: using sched offset of 4930325870 cycles
[    0.000000] clocksource: kvm-clock: mask: 0xffffffffffffffff max_cycles: 0x1cd42e4dffb, max_idle_ns: 881590591483 ns
[    0.000000] Zone ranges:
[    0.000000]   DMA      [mem 0x0000000000001000-0x0000000000ffffff]
[    0.000000]   DMA32    [mem 0x0000000001000000-0x000000003ffeffff]
[    0.000000]   Normal   empty
[    0.000000]   Device   empty
[    0.000000] Movable zone start for each node
[    0.000000] Early memory node ranges
[    0.000000]   node   0: [mem 0x0000000000001000-0x000000000009efff]
[    0.000000]   node   0: [mem 0x0000000000100000-0x000000003ffeffff]
[    0.000000] Reserved but unavailable: 98 pages
[    0.000000] Initmem setup node 0 [mem 0x0000000000001000-0x000000003ffeffff]
[    0.000000] ACPI: PM-Timer IO Port: 0x4008
[    0.000000] IOAPIC[0]: apic_id 2, version 32, address 0xfec00000, GSI 0-23
[    0.000000] ACPI: INT_SRC_OVR (bus 0 bus_irq 0 global_irq 2 dfl dfl)
[    0.000000] ACPI: INT_SRC_OVR (bus 0 bus_irq 9 global_irq 9 low level)
[    0.000000] Using ACPI (MADT) for SMP configuration information
[    0.000000] smpboot: Allowing 2 CPUs, 0 hotplug CPUs
[    0.000000] PM: Registered nosave memory: [mem 0x00000000-0x00000fff]
[    0.000000] PM: Registered nosave memory: [mem 0x0009f000-0x0009ffff]
[    0.000000] PM: Registered nosave memory: [mem 0x000a0000-0x000effff]
[    0.000000] PM: Registered nosave memory: [mem 0x000f0000-0x000fffff]
[    0.000000] e820: [mem 0x40000000-0xfebfffff] available for PCI devices
[    0.000000] Booting paravirtualized kernel on KVM
[    0.000000] clocksource: refined-jiffies: mask: 0xffffffff max_cycles: 0xffffffff, max_idle_ns: 7645519600211568 ns
[    0.000000] random: get_random_bytes called from start_kernel+0x99/0x4fd with crng_init=0
[    0.000000] setup_percpu: NR_CPUS:8192 nr_cpumask_bits:2 nr_cpu_ids:2 nr_node_ids:1
[    0.000000] percpu: Embedded 45 pages/cpu s147456 r8192 d28672 u1048576
[    0.000000] PV qspinlock hash table entries: 256 (order: 0, 4096 bytes)
[    0.000000] Built 1 zonelists, mobility grouping on.  Total pages: 257913
[    0.000000] Policy zone: DMA32
[    0.000000] Kernel command line: BOOT_IMAGE=/boot/vmlinuz-4.15.0-76-generic root=LABEL=cloudimg-rootfs ro console=tty1 console=ttyS0
[    0.000000] Memory: 983080K/1048120K available (12300K kernel code, 2481K rwdata, 4260K rodata, 2428K init, 2704K bss, 65040K reserved, 0K cma-reserved)
[    0.000000] SLUB: HWalign=64, Order=0-3, MinObjects=0, CPUs=2, Nodes=1
[    0.000000] Kernel/User page tables isolation: enabled
[    0.000000] ftrace: allocating 39322 entries in 154 pages
[    0.004000] Hierarchical RCU implementation.
[    0.004000] 	RCU restricting CPUs from NR_CPUS=8192 to nr_cpu_ids=2.
[    0.004000] 	Tasks RCU enabled.
[    0.004000] RCU: Adjusting geometry for rcu_fanout_leaf=16, nr_cpu_ids=2
[    0.004000] NR_IRQS: 524544, nr_irqs: 440, preallocated irqs: 16
[    0.004000] Console: colour VGA+ 80x25
[    0.004000] console [tty1] enabled
[    0.004000] console [ttyS0] enabled
[    0.004000] ACPI: Core revision 20170831
[    0.004000] ACPI: 2 ACPI AML tables successfully acquired and loaded
[    0.004000] APIC: Switch to symmetric I/O mode setup
[    0.004000] x2apic enabled
[    0.004000] Switched APIC routing to physical x2apic.
[    0.004000] ..TIMER: vector=0x30 apic1=0 pin1=2 apic2=-1 pin2=-1
[    0.004007] tsc: Detected 2394.570 MHz processor
[    0.004976] Calibrating delay loop (skipped) preset value.. 4789.14 BogoMIPS (lpj=9578280)
[    0.005714] pid_max: default: 32768 minimum: 301
[    0.008048] Security Framework initialized
[    0.009166] Yama: becoming mindful.
[    0.012038] AppArmor: AppArmor initialized
[    0.014509] Dentry cache hash table entries: 131072 (order: 8, 1048576 bytes)
[    0.016058] Inode-cache hash table entries: 65536 (order: 7, 524288 bytes)
[    0.017438] Mount-cache hash table entries: 2048 (order: 2, 16384 bytes)
[    0.018783] Mountpoint-cache hash table entries: 2048 (order: 2, 16384 bytes)
[    0.020000] Last level iTLB entries: 4KB 512, 2MB 8, 4MB 8
[    0.020010] Last level dTLB entries: 4KB 512, 2MB 32, 4MB 32, 1GB 0
[    0.021351] Spectre V1 : Mitigation: usercopy/swapgs barriers and __user pointer sanitization
[    0.024004] Spectre V2 : Mitigation: Full generic retpoline
[    0.025157] Spectre V2 : Spectre v2 / SpectreRSB mitigation: Filling RSB on context switch
[    0.028003] Speculative Store Bypass: Vulnerable
[    0.029129] MDS: Vulnerable: Clear CPU buffers attempted, no microcode
[    0.030664] Freeing SMP alternatives memory: 36K
[    0.142613] smpboot: CPU0: Intel(R) Core(TM) i3-3110M CPU @ 2.40GHz (family: 0x6, model: 0x3a, stepping: 0x9)
[    0.144000] Performance Events: unsupported p6 CPU model 58 no PMU driver, software events only.
[    0.144066] Hierarchical SRCU implementation.
[    0.145740] NMI watchdog: Perf event create on CPU 0 failed with -2
[    0.147040] NMI watchdog: Perf NMI watchdog permanently disabled
[    0.148087] smp: Bringing up secondary CPUs ...
[    0.149200] x86: Booting SMP configuration:
[    0.150327] .... node  #0, CPUs:      #1
[    0.004000] kvm-clock: cpu 1, msr 0:3ff44041, secondary cpu clock
[    0.156054] smp: Brought up 1 node, 2 CPUs
[    0.157095] smpboot: Max logical packages: 1
[    0.158123] smpboot: Total of 2 processors activated (9578.28 BogoMIPS)
[    0.160165] devtmpfs: initialized
[    0.160922] x86/mm: Memory block size: 128MB
[    0.162102] evm: security.selinux
[    0.162917] evm: security.SMACK64
[    0.164006] evm: security.SMACK64EXEC
[    0.164896] evm: security.SMACK64TRANSMUTE
[    0.165865] evm: security.SMACK64MMAP
[    0.166730] evm: security.apparmor
[    0.168010] evm: security.ima
[    0.168736] evm: security.capability
[    0.169674] clocksource: jiffies: mask: 0xffffffff max_cycles: 0xffffffff, max_idle_ns: 7645041785100000 ns
[    0.170183] futex hash table entries: 512 (order: 3, 32768 bytes)
[    0.173567] pinctrl core: initialized pinctrl subsystem
[    0.176158] RTC time:  8:46:04, date: 02/07/20
[    0.177446] NET: Registered protocol family 16
[    0.178507] audit: initializing netlink subsys (disabled)
[    0.180054] audit: type=2000 audit(1581065170.334:1): state=initialized audit_enabled=0 res=1
[    0.182147] cpuidle: using governor ladder
[    0.182147] cpuidle: using governor menu
[    0.184082] ACPI: bus type PCI registered
[    0.184948] acpiphp: ACPI Hot Plug PCI Controller Driver version: 0.5
[    0.186451] PCI: Using configuration type 1 for base access
[    0.189345] HugeTLB registered 2.00 MiB page size, pre-allocated 0 pages
[    0.192114] ACPI: Added _OSI(Module Device)
[    0.193019] ACPI: Added _OSI(Processor Device)
[    0.193984] ACPI: Added _OSI(3.0 _SCP Extensions)
[    0.195002] ACPI: Added _OSI(Processor Aggregator Device)
[    0.196006] ACPI: Added _OSI(Linux-Dell-Video)
[    0.196976] ACPI: Added _OSI(Linux-Lenovo-NV-HDMI-Audio)
[    0.198062] ACPI: Added _OSI(Linux-HPI-Hybrid-Graphics)
[    0.200143] ACPI: Executed 1 blocks of module-level executable AML code
[    0.206256] ACPI: Interpreter enabled
[    0.207319] ACPI: (supports S0 S5)
[    0.208005] ACPI: Using IOAPIC for interrupt routing
[    0.209377] PCI: Using host bridge windows from ACPI; if necessary, use "pci=nocrs" and report a bug
[    0.211539] ACPI: Enabled 2 GPEs in block 00 to 07
[    0.221718] ACPI: PCI Root Bridge [PCI0] (domain 0000 [bus 00-ff])
[    0.223315] acpi PNP0A03:00: _OSC: OS supports [ASPM ClockPM Segments MSI]
[    0.224707] acpi PNP0A03:00: _OSC: not requesting OS control; OS requires [ExtendedConfig ASPM ClockPM MSI]
[    0.226691] acpi PNP0A03:00: fail to add MMCONFIG information, can't access extended PCI configuration space under this bridge.
[    0.228516] PCI host bridge to bus 0000:00
[    0.229417] pci_bus 0000:00: root bus resource [io  0x0000-0x0cf7 window]
[    0.232006] pci_bus 0000:00: root bus resource [io  0x0d00-0xffff window]
[    0.233376] pci_bus 0000:00: root bus resource [mem 0x000a0000-0x000bffff window]
[    0.235129] pci_bus 0000:00: root bus resource [mem 0x40000000-0xfdffffff window]
[    0.236006] pci_bus 0000:00: root bus resource [bus 00-ff]
[    0.241442] pci 0000:00:01.1: legacy IDE quirk: reg 0x10: [io  0x01f0-0x01f7]
[    0.243164] pci 0000:00:01.1: legacy IDE quirk: reg 0x14: [io  0x03f6]
[    0.244006] pci 0000:00:01.1: legacy IDE quirk: reg 0x18: [io  0x0170-0x0177]
[    0.245421] pci 0000:00:01.1: legacy IDE quirk: reg 0x1c: [io  0x0376]
[    0.270492] pci 0000:00:07.0: quirk: [io  0x4000-0x403f] claimed by PIIX4 ACPI
[    0.272000] pci 0000:00:07.0: quirk: [io  0x4100-0x410f] claimed by PIIX4 SMB
[    0.281505] ACPI: PCI Interrupt Link [LNKA] (IRQs 5 9 10 *11)
[    0.283188] ACPI: PCI Interrupt Link [LNKB] (IRQs 5 9 *10 11)
[    0.284179] ACPI: PCI Interrupt Link [LNKC] (IRQs 5 *9 10 11)
[    0.285638] ACPI: PCI Interrupt Link [LNKD] (IRQs 5 9 10 *11)
[    0.287395] SCSI subsystem initialized
[    0.288085] pci 0000:00:02.0: vgaarb: setting as boot VGA device
[    0.289482] pci 0000:00:02.0: vgaarb: VGA device added: decodes=io+mem,owns=io+mem,locks=none
[    0.292019] pci 0000:00:02.0: vgaarb: bridge control possible
[    0.293214] vgaarb: loaded
[    0.293883] ACPI: bus type USB registered
[    0.294776] usbcore: registered new interface driver usbfs
[    0.296017] usbcore: registered new interface driver hub
[    0.297299] usbcore: registered new device driver usb
[    0.298447] EDAC MC: Ver: 3.0.0
[    0.300204] PCI: Using ACPI for IRQ routing
[    0.301356] NetLabel: Initializing
[    0.302298] NetLabel:  domain hash size = 128
[    0.303259] NetLabel:  protocols = UNLABELED CIPSOv4 CALIPSO
[    0.304030] NetLabel:  unlabeled traffic allowed by default
[    0.305454] clocksource: Switched to clocksource kvm-clock
[    0.322196] VFS: Disk quotas dquot_6.6.0
[    0.323452] VFS: Dquot-cache hash table entries: 512 (order 0, 4096 bytes)
[    0.325053] AppArmor: AppArmor Filesystem Enabled
[    0.326139] pnp: PnP ACPI init
[    0.328299] pnp: PnP ACPI: found 3 devices
[    0.340350] clocksource: acpi_pm: mask: 0xffffff max_cycles: 0xffffff, max_idle_ns: 2085701024 ns
[    0.342276] NET: Registered protocol family 2
[    0.343476] TCP established hash table entries: 8192 (order: 4, 65536 bytes)
[    0.344972] TCP bind hash table entries: 8192 (order: 5, 131072 bytes)
[    0.347708] TCP: Hash tables configured (established 8192 bind 8192)
[    0.349171] UDP hash table entries: 512 (order: 2, 16384 bytes)
[    0.350498] UDP-Lite hash table entries: 512 (order: 2, 16384 bytes)
[    0.351818] NET: Registered protocol family 1
[    0.352813] pci 0000:00:00.0: Limiting direct PCI/PCI transfers
[    0.354132] pci 0000:00:01.0: Activating ISA DMA hang workarounds
[    0.355791] pci 0000:00:02.0: Video device with shadowed ROM at [mem 0x000c0000-0x000dffff]
[    0.358552] Unpacking initramfs...
[    0.731513] Freeing initrd memory: 19200K
[    0.732774] clocksource: tsc: mask: 0xffffffffffffffff max_cycles: 0x22842dd43f3, max_idle_ns: 440795264536 ns
[    0.735389] platform rtc_cmos: registered platform RTC device (no PNP device found)
[    0.737598] Scanning for low memory corruption every 60 seconds
[    0.739629] Initialise system trusted keyrings
[    0.740677] Key type blacklist registered
[    0.741633] workingset: timestamp_bits=36 max_order=18 bucket_order=0
[    0.744195] zbud: loaded
[    0.745407] squashfs: version 4.0 (2009/01/31) Phillip Lougher
[    0.746909] fuse init (API version 7.26)
[    0.751892] Key type asymmetric registered
[    0.753042] Asymmetric key parser 'x509' registered
[    0.754324] Block layer SCSI generic (bsg) driver version 0.4 loaded (major 246)
[    0.756482] io scheduler noop registered
[    0.757474] io scheduler deadline registered
[    0.758431] io scheduler cfq registered (default)
[    0.759846] ACPI: AC Adapter [AC] (on-line)
[    0.760989] input: Power Button as /devices/LNXSYSTM:00/LNXPWRBN:00/input/input0
[    0.762672] ACPI: Power Button [PWRF]
[    0.763578] input: Sleep Button as /devices/LNXSYSTM:00/LNXSLPBN:00/input/input1
[    0.765202] ACPI: Sleep Button [SLPF]
[    0.767409] ACPI: Battery Slot [BAT0] (battery present)
[    0.768179] Serial: 8250/16550 driver, 32 ports, IRQ sharing enabled
[    0.790978] 00:02: ttyS0 at I/O 0x3f8 (irq = 4, base_baud = 115200) is a 16550A
[    0.799349] Linux agpgart interface v0.103
[    0.803365] loop: module loaded
[    0.805751] scsi host0: ata_piix
[    0.807244] scsi host1: ata_piix
[    0.808466] ata1: PATA max UDMA/33 cmd 0x1f0 ctl 0x3f6 bmdma 0xd000 irq 14
[    0.810812] ata2: PATA max UDMA/33 cmd 0x170 ctl 0x376 bmdma 0xd008 irq 15
[    0.813357] libphy: Fixed MDIO Bus: probed
[    0.815025] tun: Universal TUN/TAP device driver, 1.6
[    0.816933] PPP generic driver version 2.4.2
[    0.818953] ehci_hcd: USB 2.0 'Enhanced' Host Controller (EHCI) Driver
[    0.821169] ehci-pci: EHCI PCI platform driver
[    0.822765] ehci-platform: EHCI generic platform driver
[    0.824575] ohci_hcd: USB 1.1 'Open' Host Controller (OHCI) Driver
[    0.827535] ohci-pci: OHCI PCI platform driver
[    0.829358] ohci-platform: OHCI generic platform driver
[    0.831153] uhci_hcd: USB Universal Host Controller Interface driver
[    0.833332] i8042: PNP: PS/2 Controller [PNP0303:PS2K,PNP0f03:PS2M] at 0x60,0x64 irq 1,12
[    0.838723] serio: i8042 KBD port at 0x60,0x64 irq 1
[    0.840439] serio: i8042 AUX port at 0x60,0x64 irq 12
[    0.843030] mousedev: PS/2 mouse device common for all mice
[    0.846071] input: AT Translated Set 2 keyboard as /devices/platform/i8042/serio0/input/input2
[    0.849417] rtc_cmos rtc_cmos: rtc core: registered rtc_cmos as rtc0
[    0.851557] rtc_cmos rtc_cmos: alarms up to one day, 114 bytes nvram
[    0.853712] i2c /dev entries driver
[    0.855065] device-mapper: uevent: version 1.0.3
[    0.856833] device-mapper: ioctl: 4.37.0-ioctl (2017-09-20) initialised: dm-devel@redhat.com
[    0.859713] ledtrig-cpu: registered to indicate activity on CPUs
[    0.862870] NET: Registered protocol family 10
[    0.872123] Segment Routing with IPv6
[    0.873419] NET: Registered protocol family 17
[    0.874979] Key type dns_resolver registered
[    0.876969] mce: Using 0 MCE banks
[    0.878192] RAS: Correctable Errors collector initialized.
[    0.880027] sched_clock: Marking stable (876834317, 0)->(1113400357, -236566040)
[    0.883220] registered taskstats version 1
[    0.884705] Loading compiled-in X.509 certificates
[    0.891046] Loaded X.509 cert 'Build time autogenerated kernel key: 665cd2b89e03521f57c41865f552ebce30a0c7fb'
[    0.894221] zswap: loaded using pool lzo/zbud
[    0.903373] Key type big_key registered
[    0.904821] Key type trusted registered
[    0.908940] Key type encrypted registered
[    0.910054] AppArmor: AppArmor sha1 policy hashing enabled
[    0.911513] ima: No TPM chip found, activating TPM-bypass! (rc=-19)
[    0.913221] ima: Allocated hash algorithm: sha1
[    0.914479] evm: HMAC attrs: 0x1
[    0.915726]   Magic number: 8:582:775
[    0.916802] misc psaux: hash matches
[    0.917951] misc fuse: hash matches
[    0.919257] rtc_cmos rtc_cmos: setting system clock to 2020-02-07 08:46:05 UTC (1581065165)
[    0.922164] BIOS EDD facility v0.16 2004-Jun-25, 0 devices found
[    0.923938] EDD information not available.
[    0.980725] Freeing unused kernel image memory: 2428K
[    0.998406] Write protecting the kernel read-only data: 20480k
[    1.000687] Freeing unused kernel image memory: 2008K
[    1.002306] Freeing unused kernel image memory: 1884K
[    1.016263] x86/mm: Checked W+X mappings: passed, no W+X pages found.
[    1.019782] x86/mm: Checking user space page tables
[    1.039850] x86/mm: Checked W+X mappings: passed, no W+X pages found.
Loading, please wait...
starting version 237
[    1.182209] e1000: Intel(R) PRO/1000 Network Driver - version 7.3.21-k8-NAPI
[    1.184202] e1000: Copyright (c) 1999-2006 Intel Corporation.
[    1.187016] Fusion MPT base driver 3.04.20
[    1.188267] Copyright (c) 1999-2008 LSI Corporation
[    1.214305] Fusion MPT SPI Host driver 3.04.20
[    1.416485] input: ImExPS/2 Generic Explorer Mouse as /devices/platform/i8042/serio1/input/input4
[    1.623943] e1000 0000:00:03.0 eth0: (PCI:33MHz:32-bit) 02:b4:6b:8c:b8:1a
[    1.625954] e1000 0000:00:03.0 eth0: Intel(R) PRO/1000 Network Connection
[    1.629407] mptbase: ioc0: Initiating bringup
[    1.629776] e1000 0000:00:03.0 enp0s3: renamed from eth0
[    1.732360] ioc0: LSI53C1030 A0: Capabilities={Initiator}
[    1.995372] scsi host2: ioc0: LSI53C1030 A0, FwRev=00000000h, Ports=1, MaxQ=256, IRQ=20
[    2.164510] scsi 2:0:0:0: Direct-Access     VBOX     HARDDISK         1.0  PQ: 0 ANSI: 5
[    2.196598] scsi target2:0:0: Beginning Domain Validation
[    2.200130] scsi target2:0:0: Domain Validation skipping write tests
[    2.201437] scsi target2:0:0: Ending Domain Validation
[    2.203047] scsi target2:0:0: asynchronous
[    2.205338] scsi 2:0:1:0: Direct-Access     VBOX     HARDDISK         1.0  PQ: 0 ANSI: 5
[    2.236587] scsi target2:0:1: Beginning Domain Validation
[    2.239767] random: fast init done
[    2.241299] scsi target2:0:1: Domain Validation skipping write tests
[    2.242996] scsi target2:0:1: Ending Domain Validation
[    2.244433] scsi target2:0:1: asynchronous
[    2.250735] random: systemd-udevd: uninitialized urandom read (16 bytes read)
[    2.250832] sd 2:0:0:0: Attached scsi generic sg0 type 0
[    2.253009] sd 2:0:0:0: [sda] 20971520 512-byte logical blocks: (10.7 GB/10.0 GiB)
[    2.254402] sd 2:0:1:0: Attached scsi generic sg1 type 0
[    2.256393] random: systemd-udevd: uninitialized urandom read (16 bytes read)
[    2.259747] random: systemd-udevd: uninitialized urandom read (16 bytes read)
[    2.262195] sd 2:0:0:0: [sda] Write Protect is off
[    2.263231] sd 2:0:1:0: [sdb] 20480 512-byte logical blocks: (10.5 MB/10.0 MiB)
[    2.264900] sd 2:0:0:0: [sda] Incomplete mode parameter data
[    2.264948] sd 2:0:1:0: [sdb] Write Protect is off
[    2.266458] sd 2:0:0:0: [sda] Assuming drive cache: write through
[    2.267930] sd 2:0:1:0: [sdb] Incomplete mode parameter data
[    2.271263] sd 2:0:1:0: [sdb] Assuming drive cache: write through
[    2.322527]  sda: sda1
[    2.324884] sd 2:0:0:0: [sda] Attached SCSI disk
[    2.364936] sd 2:0:1:0: [sdb] Attached SCSI disk
Begin: Loading essential drivers ... [    4.144630] raid6: sse2x1   gen()  5960 MB/s
[    4.192518] raid6: sse2x1   xor()  4253 MB/s
[    4.240422] raid6: sse2x2   gen()  6039 MB/s
[    4.288384] raid6: sse2x2   xor()  3164 MB/s
[    4.336238] raid6: sse2x4   gen()  6040 MB/s
[    4.384118] raid6: sse2x4   xor()  5424 MB/s
[    4.385285] raid6: using algorithm sse2x4 gen() 6040 MB/s
[    4.386508] raid6: .... xor() 5424 MB/s, rmw enabled
[    4.387634] raid6: using ssse3x2 recovery algorithm
[    4.391499] xor: automatically using best checksumming function   avx       
[    4.396438] async_tx: api initialized (async)
done.
Begin: Running /scripts/init-premount ... done.
Begin: Mounting root file system ... Begin: Running /scripts/local-top ... done.
Begin: Running /scripts/local-premount ... [    4.481393] Btrfs loaded, crc32c=crc32c-intel
Scanning for Btrfs filesystems
done.
Warning: fsck not present, so skipping root file system
[    4.762373] EXT4-fs (sda1): mounted filesystem with ordered data mode. Opts: (null)
done.
Begin: Running /scripts/local-bottom ... done.
Begin: Running /scripts/init-bottom ... done.
[    6.019331] ip_tables: (C) 2000-2006 Netfilter Core Team
[    6.150860] systemd[1]: systemd 237 running in system mode. (+PAM +AUDIT +SELINUX +IMA +APPARMOR +SMACK +SYSVINIT +UTMP +LIBCRYPTSETUP +GCRYPT +GNUTLS +ACL +XZ +LZ4 +SECCOMP +BLKID +ELFUTILS +KMOD -IDN2 +IDN -PCRE2 default-hierarchy=hybrid)
[    6.163081] systemd[1]: Detected virtualization oracle.
[    6.169224] systemd[1]: Detected architecture x86-64.

Welcome to [1mUbuntu 18.04.4 LTS[0m!

[    6.201677] systemd[1]: Set hostname to <ubuntu>.
[    6.273235] systemd[1]: Initializing machine ID from random generator.
[    6.274843] systemd[1]: Installed transient /etc/machine-id file.
[    6.940275] random: crng init done
[    6.942509] random: 7 urandom warning(s) missed due to ratelimiting
[    7.779620] systemd[1]: Created slice User and Session Slice.
[[0;32m  OK  [0m] Created slice User and Session Slice.
[    7.782272] systemd[1]: Started Forward Password Requests to Wall Directory Watch.
[[0;32m  OK  [0m] Started Forward Password Requests to Wall Directory Watch.
[    7.785424] systemd[1]: Reached target Swap.
[[0;32m  OK  [0m] Reached target Swap.
[    7.787188] systemd[1]: Reached target User and Group Name Lookups.
[[0;32m  OK  [0m] Reached target User and Group Name Lookups.
[[0;32m  OK  [0m] Created slice System Slice.
[[0;32m  OK  [0m] Listening on Journal Socket.
         Starting Create list of required st…ce nodes for the current kernel...
         Starting Set the console keyboard layout...
[[0;32m  OK  [0m] Listening on Journal Audit Socket.
[[0;32m  OK  [0m] Listening on udev Control Socket.
[[0;32m  OK  [0m] Listening on /dev/initctl Compatibility Named Pipe.
         Mounting POSIX Message Queue File System...
[[0;32m  OK  [0m] Listening on Syslog Socket.
[[0;32m  OK  [0m] Reached target Slices.
[[0;32m  OK  [0m] Listening on Journal Socket (/dev/log).
[[0;32m  OK  [0m] Listening on LVM2 metadata daemon socket.
         Starting Remount Root and Kernel File Systems...
         Mounting Huge Pages File System...
[[0;32m  OK  [0m] Listening on Network Service Netlink Socket.
         Starting Load Kernel Modules...
         Starting Journal Service...
         Mounting Kernel Debug File System...[    7.938365] EXT4-fs (sda1): re-mounted. Opts: (null)

[[0;32m  OK  [0m] Listening on Device-mapper event daemon FIFOs.
         Starting Monitoring of LVM2 mirrors…ng dmeventd or progress polling...
[[0;32m  OK  [0m] Listening on LVM2 poll daemon socket.
[[0;32m  OK  [0m] Reached target System Time Synchronized.
[[0;32m  OK  [0m] Listening on udev Kernel Socket.
         Starting udev Coldplug all Devices...
[[0;32m  OK  [0m] Created slice system-serial\x2dgetty.slice.
         Starting Uncomplicated firewall...
[[0;32m  OK  [0m] Set up automount Arbitrary Executab…rmats File System Automount Point.
[[0;32m  OK  [0m] Started Journal Service.
[[0;32m  OK  [0m] Started Create list of required sta…vice nodes for the current kernel.
[[0;32m  OK  [0m] Mounted POSIX Message Queue File System.
[[0;32m  OK  [0m] Started Remount Root and Kernel File Systems.
[[0;32m  OK  [0m] Mounted Huge Pages File System.
[[0;32m  OK  [0m] Mounted Kernel Debug File System.
[[0;32m  OK  [0m] Started Uncomplicated firewall.
[    8.283849] Loading iSCSI transport class v2.0-870.
[[0;32m  OK  [0m] Started LVM2 metadata daemon.
         Starting Load/Save Random Seed...
         Starting Create Static Device Nodes in /dev...
         Starting Flush Journal to Persistent Storage...
[[0;32m  OK  [0m] Started udev Coldplug all Devices.
[    8.382861] iscsi: registered transport (tcp)
[    8.416663] iscsi: registered transport (iser)
[[0;32m  OK  [0m] Started Load Kernel Modules.
         Mounting FUSE Control File System...
         Mounting Kernel Configuration File System...
         Starting Apply Kernel Variables...
[[0;32m  OK  [0m] Mounted FUSE Control File System.
[[0;32m  OK  [0m] Mounted Kernel Configuration File System.
[    8.528084] systemd-journald[373]: Received request to flush runtime journal from PID 1
[[0;32m  OK  [0m] Started Monitoring of LVM2 mirrors,…sing dmeventd or progress polling.
[[0;32m  OK  [0m] Started Load/Save Random Seed.
[[0;32m  OK  [0m] Started Apply Kernel Variables.
[[0;32m  OK  [0m] Started Create Static Device Nodes in /dev.
         Starting udev Kernel Device Manager...
[[0;32m  OK  [0m] Started Flush Journal to Persistent Storage.
[[0;32m  OK  [0m] Started udev Kernel Device Manager.
[[0;32m  OK  [0m] Found device /dev/ttyS0.
[[0;32m  OK  [0m] Listening on Load/Save RF Kill Switch Status /dev/rfkill Watch.
[[0;32m  OK  [0m] Started Set the console keyboard layout.
[[0;32m  OK  [0m] Reached target Local File Systems (Pre).
[[0;32m  OK  [0m] Reached target Local File Systems.
         Starting AppArmor initialization...
         Starting Tell Plymouth To Write Out Runtime Data...
         Starting Set console font and keymap...
         Starting Commit a transient machine-id on disk...
         Starting Create Volatile Files and Directories...
         Starting ebtables ruleset management...
[[0;32m  OK  [0m] Started Dispatch Password Requests to Console Directory Watch.
[[0;32m  OK  [0m] Reached target Local Encrypted Volumes.
[[0;32m  OK  [0m] Started Tell Plymouth To Write Out Runtime Data.
[[0;32m  OK  [0m] Started Set console font and keymap.
[[0;32m  OK  [0m] Started Create Volatile Files and Directories.
         Starting Update UTMP about System Boot/Shutdown...
[[0;32m  OK  [0m] Started Update UTMP about System Boot/Shutdown.
[[0;32m  OK  [0m] Started Commit a transient machine-id on disk.
[[0;32m  OK  [0m] Started ebtables ruleset management.
[[0;32m  OK  [0m] Started AppArmor initialization.
         Starting Initial cloud-init job (pre-networking)...
[   17.733662] cloud-init[647]: Cloud-init v. 19.4-33-gbb4131a2-0ubuntu1~18.04.1 running 'init-local' at Fri, 07 Feb 2020 08:46:21 +0000. Up 16.78 seconds.
[[0;32m  OK  [0m] Started Initial cloud-init job (pre-networking).
[[0;32m  OK  [0m] Reached target Network (Pre).
         Starting Network Service...
[[0;32m  OK  [0m] Started Network Service.
         Starting Wait for Network to be Configured...
         Starting Network Name Resolution...
[[0;32m  OK  [0m] Started Network Name Resolution.
[[0;32m  OK  [0m] Reached target Host and Network Name Lookups.
[[0;32m  OK  [0m] Reached target Network.
[[0;32m  OK  [0m] Started Wait for Network to be Configured.
         Starting Initial cloud-init job (metadata service crawler)...
[   20.968540] cloud-init[767]: Cloud-init v. 19.4-33-gbb4131a2-0ubuntu1~18.04.1 running 'init' at Fri, 07 Feb 2020 08:46:25 +0000. Up 20.58 seconds.
[   20.980876] cloud-init[767]: ci-info: ++++++++++++++++++++++++++++++++++++++Net device info++++++++++++++++++++++++++++++++++++++
[   20.983178] cloud-init[767]: ci-info: +--------+------+----------------------------+---------------+--------+-------------------+
[   20.985539] cloud-init[767]: ci-info: | Device |  Up  |          Address           |      Mask     | Scope  |     Hw-Address    |
[   20.988019] cloud-init[767]: ci-info: +--------+------+----------------------------+---------------+--------+-------------------+
[   20.990643] cloud-init[767]: ci-info: | enp0s3 | True |         10.0.2.15          | 255.255.255.0 | global | 02:b4:6b:8c:b8:1a |
[   20.993153] cloud-init[767]: ci-info: | enp0s3 | True | fe80::b4:6bff:fe8c:b81a/64 |       .       |  link  | 02:b4:6b:8c:b8:1a |
[   20.996548] cloud-init[767]: ci-info: |   lo   | True |         127.0.0.1          |   255.0.0.0   |  host  |         .         |
[   20.999163] cloud-init[767]: ci-info: |   lo   | True |          ::1/128           |       .       |  host  |         .         |
[   21.001461] cloud-init[767]: ci-info: +--------+------+----------------------------+---------------+--------+-------------------+
[   21.005264] cloud-init[767]: ci-info: ++++++++++++++++++++++++++++Route IPv4 info+++++++++++++++++++++++++++++
[   21.009121] cloud-init[767]: ci-info: +-------+-------------+----------+-----------------+-----------+-------+
[   21.011448] cloud-init[767]: ci-info: | Route | Destination | Gateway  |     Genmask     | Interface | Flags |
[   21.013840] cloud-init[767]: ci-info: +-------+-------------+----------+-----------------+-----------+-------+
[   21.016158] cloud-init[767]: ci-info: |   0   |   0.0.0.0   | 10.0.2.2 |     0.0.0.0     |   enp0s3  |   UG  |
[   21.020150] cloud-init[767]: ci-info: |   1   |   10.0.2.0  | 0.0.0.0  |  255.255.255.0  |   enp0s3  |   U   |
[   21.023999] cloud-init[767]: ci-info: |   2   |   10.0.2.2  | 0.0.0.0  | 255.255.255.255 |   enp0s3  |   UH  |
[   21.026590] cloud-init[767]: ci-info: +-------+-------------+----------+-----------------+-----------+-------+
[   21.029022] cloud-init[767]: ci-info: +++++++++++++++++++Route IPv6 info+++++++++++++++++++
[   21.030824] cloud-init[767]: ci-info: +-------+-------------+---------+-----------+-------+
[   21.032951] cloud-init[767]: ci-info: | Route | Destination | Gateway | Interface | Flags |
[   21.035178] cloud-init[767]: ci-info: +-------+-------------+---------+-----------+-------+
[   21.037493] cloud-init[767]: ci-info: |   1   |  fe80::/64  |    ::   |   enp0s3  |   U   |
[   21.039630] cloud-init[767]: ci-info: |   3   |    local    |    ::   |   enp0s3  |   U   |
[   21.041698] cloud-init[767]: ci-info: |   4   |   ff00::/8  |    ::   |   enp0s3  |   U   |
[   21.044444] cloud-init[767]: ci-info: +-------+-------------+---------+-----------+-------+
[   23.919982] cloud-init[767]: Generating public/private rsa key pair.
[   23.923107] cloud-init[767]: Your identification has been saved in /etc/ssh/ssh_host_rsa_key.
[   23.927707] cloud-init[767]: Your public key has been saved in /etc/ssh/ssh_host_rsa_key.pub.
[   23.930242] cloud-init[767]: The key fingerprint is:
[   23.931546] cloud-init[767]: SHA256:7Ps9blwAGjiVvY7AtcSkeVbBFGm8KTbbDmeLSPVrV0U root@ubuntu-bionic
[   23.935605] cloud-init[767]: The key's randomart image is:
[   23.938161] cloud-init[767]: +---[RSA 2048]----+
[   23.939753] cloud-init[767]: |       =o*=+     |
[   23.941397] cloud-init[767]: |      oo*.B     E|
[   23.942695] cloud-init[767]: |     .o+o= =   . |
[   23.944647] cloud-init[767]: |      o+B + .   .|
[   23.946128] cloud-init[767]: |       +SO   . . |
[   23.947477] cloud-init[767]: |      ..+ *   o  |
[   23.948844] cloud-init[767]: |     . ..* + o   |
[   23.950102] cloud-init[767]: |      . ..=.=    |
[   23.951315] cloud-init[767]: |        .o.+o.   |
[   23.952479] cloud-init[767]: +----[SHA256]-----+
[   23.953655] cloud-init[767]: Generating public/private dsa key pair.
[   23.955301] cloud-init[767]: Your identification has been saved in /etc/ssh/ssh_host_dsa_key.
[   23.957263] cloud-init[767]: Your public key has been saved in /etc/ssh/ssh_host_dsa_key.pub.
[   23.959218] cloud-init[767]: The key fingerprint is:
[   23.960617] cloud-init[767]: SHA256:aZhEXE6+eKSLWfER6WQyG64MwqHGXJJH5H92nXo9wXU root@ubuntu-bionic
[   23.962777] cloud-init[767]: The key's randomart image is:
[   23.964215] cloud-init[767]: +---[DSA 1024]----+
[   23.965442] cloud-init[767]: |  +o ...+.       |
[   23.966620] cloud-init[767]: | +.o .=++.       |
[   23.967795] cloud-init[767]: |= =. .oO=      .E|
[   23.969004] cloud-init[767]: |o=. ..oO.+. o . .|
[   23.970093] cloud-init[767]: |.. o o*oS. o o   |
[   23.971184] cloud-init[767]: |    o+o+. . . .  |
[   23.972344] cloud-init[767]: |    o .  . . o   |
[   23.973405] cloud-init[767]: |          .   .  |
[   23.974598] cloud-init[767]: |                 |
[   23.975796] cloud-init[767]: +----[SHA256]-----+
[   23.976963] cloud-init[767]: Generating public/private ecdsa key pair.
[   23.978523] cloud-init[767]: Your identification has been saved in /etc/ssh/ssh_host_ecdsa_key.
[   23.980512] cloud-init[767]: Your public key has been saved in /etc/ssh/ssh_host_ecdsa_key.pub.
[   23.982624] cloud-init[767]: The key fingerprint is:
[   23.984415] cloud-init[767]: SHA256:JYiLEiPSwZ2I03fzAxReVBTA2fBq4M3xvYQVf2BA5TI root@ubuntu-bionic
[   23.986717] cloud-init[767]: The key's randomart image is:
[   23.988249] cloud-init[767]: +---[ECDSA 256]---+
[   23.989309] cloud-init[767]: | +.o oo+=B+o+o+  |
[   23.990191] cloud-init[767]: |o.+.+o+oo..  = . |
[   23.991150] cloud-init[767]: |=.....++o o E o .|
[   23.992099] cloud-init[767]: |oo . o +o* + o . |
[   23.993225] cloud-init[767]: |. . . . S.o o    |
[   23.994254] cloud-init[767]: | .     .   . .   |
[   23.995217] cloud-init[767]: |            .    |
[   23.996297] cloud-init[767]: |                 |
[   23.997728] cloud-init[767]: |                 |
[   23.998963] cloud-init[767]: +----[SHA256]-----+
[   23.999991] cloud-init[767]: Generating public/private ed25519 key pair.
[   24.002093] cloud-init[767]: Your identification has been saved in /etc/ssh/ssh_host_ed25519_key.
[   24.004090] cloud-init[767]: Your public key has been saved in /etc/ssh/ssh_host_ed25519_key.pub.
[   24.006090] cloud-init[767]: The key fingerprint is:
[   24.007336] cloud-init[767]: SHA256:bi4smmHkcsnLv2OlINKGQMg2oe9HEOGLiFDxdDHE75k root@ubuntu-bionic
[   24.009145] cloud-init[767]: The key's randomart image is:
[   24.010100] cloud-init[767]: +--[ED25519 256]--+
[   24.011075] cloud-init[767]: |o.*o.o=.         |
[   24.012146] cloud-init[767]: |oB + ...         |
[   24.013368] cloud-init[767]: |= + .  .         |
[   24.014453] cloud-init[767]: |=o o    .        |
[   24.015570] cloud-init[767]: |=o+ .  .So       |
[   24.016677] cloud-init[767]: |+=+o  ..E        |
[   24.018232] cloud-init[767]: |ooO..+  o        |
[   24.019769] cloud-init[767]: | = == oo         |
[   24.021566] cloud-init[767]: |  =+o+ ..        |
[   24.023023] cloud-init[767]: +----[SHA256]-----+
[[0;32m  OK  [0m] Started Initial cloud-init job (metadata service crawler).
[[0;32m  OK  [0m] Reached target Network is Online.
         Starting Availability of block devices...
[[0;32m  OK  [0m] Reached target Remote File Systems (Pre).
[[0;32m  OK  [0m] Reached target Remote File Systems.
[[0;32m  OK  [0m] Reached target Cloud-config availability.
[[0;32m  OK  [0m] Reached target System Initialization.
[[0;32m  OK  [0m] Listening on UUID daemon activation socket.
[[0;32m  OK  [0m] Started Daily apt download activities.
[[0;32m  OK  [0m] Listening on Open-iSCSI iscsid Socket.
[[0;32m  OK  [0m] Started Discard unused blocks once a week.
         Starting LXD - unix socket.
[[0;32m  OK  [0m] Started Message of the Day.
[[0;32m  OK  [0m] Listening on D-Bus System Message Bus Socket.
[[0;32m  OK  [0m] Listening on ACPID Listen Socket.
         Starting Socket activation for snappy daemon.
[[0;32m  OK  [0m] Started Daily apt upgrade and clean activities.
[[0;32m  OK  [0m] Started ACPI Events Check.
[[0;32m  OK  [0m] Reached target Paths.
[[0;32m  OK  [0m] Started Daily Cleanup of Temporary Directories.
[[0;32m  OK  [0m] Reached target Timers.
[[0;32m  OK  [0m] Started Availability of block devices.
[[0;32m  OK  [0m] Listening on LXD - unix socket.
[[0;32m  OK  [0m] Listening on Socket activation for snappy daemon.
[[0;32m  OK  [0m] Reached target Sockets.
[[0;32m  OK  [0m] Reached target Basic System.
         Starting Virtualbox guest utils...
[[0;32m  OK  [0m] Started irqbalance daemon.
         Starting LSB: Record successful boot for GRUB...
         Starting Dispatcher daemon for systemd-networkd...
[[0;32m  OK  [0m] Started D-Bus System Message Bus.
         Starting LSB: automatic crash report generation...
[[0;32m  OK  [0m] Started FUSE filesystem for LXC.
[[0;32m  OK  [0m] Started Regular background program processing daemon.
         Starting LXD - container startup/shutdown...
[[0;32m  OK  [0m] Started Deferred execution scheduler.
         Starting Pollinate to seed the pseudo random number generator...
         Starting System Logging Service...
         Starting Permit User Sessions...
         Starting Login Service...
         Starting Accounts Service...
         Starting Snappy daemon...
[[0;32m  OK  [0m] Started Permit User Sessions.
         Starting Hold until boot process finishes up...
         Starting Terminate Plymouth Boot Screen...
[[0;32m  OK  [0m] Started Hold until boot process finishes up.
         Starting Set console scheme...
[[0;32m  OK  [0m] Started Serial Getty on ttyS0.
[[0;32m  OK  [0m] Started Terminate Plymouth Boot Screen.
[[0;32m  OK  [0m] Started Set console scheme.
[[0;32m  OK  [0m] Created slice system-getty.slice.
[[0;32m  OK  [0m] Started Getty on tty1.
[[0;32m  OK  [0m] Reached target Login Prompts.
[[0;32m  OK  [0m] Started Login Service.
[[0;32m  OK  [0m] Started Unattended Upgrades Shutdown.
[[0;32m  OK  [0m] Started LSB: automatic crash report generation.
[[0;32m  OK  [0m] Started LSB: Record successful boot for GRUB.
[[0;32m  OK  [0m] Started System Logging Service.
         Starting Authorization Manager...
[[0;32m  OK  [0m] Started Virtualbox guest utils.
[[0;32m  OK  [0m] Started Authorization Manager.
[[0;32m  OK  [0m] Started Accounts Service.
[[0;32m  OK  [0m] Started Dispatcher daemon for systemd-networkd.

Ubuntu 18.04.4 LTS ubuntu-bionic ttyS0

ubuntu-bionic login: [   37.652616] cloud-init[1521]: Cloud-init v. 19.4-33-gbb4131a2-0ubuntu1~18.04.1 running 'modules:config' at Fri, 07 Feb 2020 08:46:40 +0000. Up 35.47 seconds.
ci-info: no authorized SSH keys fingerprints found for user ubuntu.
<14>Feb  7 08:46:43 ec2: 
<14>Feb  7 08:46:43 ec2: #############################################################
<14>Feb  7 08:46:43 ec2: -----BEGIN SSH HOST KEY FINGERPRINTS-----
<14>Feb  7 08:46:43 ec2: 1024 SHA256:aZhEXE6+eKSLWfER6WQyG64MwqHGXJJH5H92nXo9wXU root@ubuntu-bionic (DSA)
<14>Feb  7 08:46:43 ec2: 256 SHA256:JYiLEiPSwZ2I03fzAxReVBTA2fBq4M3xvYQVf2BA5TI root@ubuntu-bionic (ECDSA)
<14>Feb  7 08:46:43 ec2: 256 SHA256:bi4smmHkcsnLv2OlINKGQMg2oe9HEOGLiFDxdDHE75k root@ubuntu-bionic (ED25519)
<14>Feb  7 08:46:43 ec2: 2048 SHA256:7Ps9blwAGjiVvY7AtcSkeVbBFGm8KTbbDmeLSPVrV0U root@ubuntu-bionic (RSA)
<14>Feb  7 08:46:43 ec2: -----END SSH HOST KEY FINGERPRINTS-----
<14>Feb  7 08:46:43 ec2: #############################################################
-----BEGIN SSH HOST KEY KEYS-----
ecdsa-sha2-nistp256 AAAAE2VjZHNhLXNoYTItbmlzdHAyNTYAAAAIbmlzdHAyNTYAAABBBEIf/S2B2t1g0r6QhQ2yP2+bham7/5AvJu/gFw40V4W+fm8dBi2hnVigKBEd0XI8aPGqQce14LKgjyKAt2zpDcw= root@ubuntu-bionic
ssh-ed25519 AAAAC3NzaC1lZDI1NTE5AAAAIDsNxUL1sHX5/5wlUVRndEqJcVFebvZIJ17xXrZ8hevM root@ubuntu-bionic
ssh-rsa AAAAB3NzaC1yc2EAAAADAQABAAABAQDa9WfTSAcZCoiqXi6lWYf6EfbCU9ETST/96nZEE6yOSnxCfc6ocaon3iWnlILIpjdtQYXT099wojsM533ycS3MKTlH6SpQphuurVs6Lk1QbJTd/po1N++quxEv3Z2xYLnqguYFKuWrdtzFy5PDGHMp+8dQQzhqGt1lzfT0YD1jeOC0dKsEeCFdTSW8RP8m8XUmL3zKOp+lk3MA8idcGdPh5nuaCA+TkBE2rTK9lXrVgGj1FxnDzbusxXYjSPfdQPqHdZeMLZpqsiEFOUZ74uWL2JlQVNqw900UDQLIgeJKMXqzYcToB9m8+jY5WAk0NDxQXFEk8vqwzlZnFKQRJJxx root@ubuntu-bionic
-----END SSH HOST KEY KEYS-----
[   38.843278] cloud-init[1731]: Cloud-init v. 19.4-33-gbb4131a2-0ubuntu1~18.04.1 running 'modules:final' at Fri, 07 Feb 2020 08:46:42 +0000. Up 38.32 seconds.
[   38.846768] cloud-init[1731]: ci-info: no authorized SSH keys fingerprints found for user ubuntu.
[   38.849343] cloud-init[1731]: Cloud-init v. 19.4-33-gbb4131a2-0ubuntu1~18.04.1 finished at Fri, 07 Feb 2020 08:46:43 +0000. Datasource DataSourceNoCloud [seed=/dev/sdb][dsmode=net].  Up 38.82 seconds
